build/app/intermediates/manifest_merge_blame_file/release/manifest-merger-blame-release-report.txt
1<?xml version="1.0" encoding="utf-8"?>
2<manifest xmlns:android="http://schemas.android.com/apk/res/android"
3    package="com.nuj.flutter_sixvallry_commerce"
4    android:targetSandboxVersion="1"
5    android:versionCode="2"
6    android:versionName="1.0.1" >
7
8    <uses-sdk
9        android:minSdkVersion="21"
9-->src\main\AndroidManifest.xml
10        android:targetSdkVersion="30" />
10-->src\main\AndroidManifest.xml
11    <!--
12         io.flutter.app.FlutterApplication is an android.app.Application that
13         calls FlutterMain.startInitialization(this); in its onCreate method.
14         In most cases you can leave this as-is, but you if you want to provide
15         additional functionality it is fine to subclass or reimplement
16         FlutterApplication and put your custom class here.
17    -->
18
19    <uses-permission android:name="android.permission.INTERNET" />
19-->src\main\AndroidManifest.xml:10:5-67
19-->src\main\AndroidManifest.xml:10:22-64
20    <uses-permission android:name="android.permission.ACCESS_NETWORK_STATE" />
20-->src\main\AndroidManifest.xml:11:5-79
20-->src\main\AndroidManifest.xml:11:22-76
21    <uses-permission android:name="android.permission.WAKE_LOCK" />
21-->src\main\AndroidManifest.xml:12:5-68
21-->src\main\AndroidManifest.xml:12:22-65
22    <uses-permission android:name="android.permission.WRITE_EXTERNAL_STORAGE" />
22-->src\main\AndroidManifest.xml:13:5-80
22-->src\main\AndroidManifest.xml:13:22-78
23
24    <queries>
24-->src\main\AndroidManifest.xml:14:5-27:15
25        <intent>
25-->src\main\AndroidManifest.xml:15:9-18:18
26            <action android:name="android.intent.action.VIEW" />
26-->src\main\AndroidManifest.xml:16:13-65
26-->src\main\AndroidManifest.xml:16:21-62
27
28            <data android:scheme="https" />
28-->src\main\AndroidManifest.xml:17:13-44
28-->src\main\AndroidManifest.xml:17:19-41
29        </intent>
30        <intent>
30-->src\main\AndroidManifest.xml:19:9-22:18
31            <action android:name="android.intent.action.DIAL" />
31-->src\main\AndroidManifest.xml:20:13-65
31-->src\main\AndroidManifest.xml:20:21-62
32
33            <data android:scheme="tel" />
33-->src\main\AndroidManifest.xml:17:13-44
33-->src\main\AndroidManifest.xml:17:19-41
34        </intent>
35        <intent>
35-->src\main\AndroidManifest.xml:23:9-26:18
36            <action android:name="android.intent.action.SEND" />
36-->src\main\AndroidManifest.xml:24:13-65
36-->src\main\AndroidManifest.xml:24:21-62
37
38            <data android:mimeType="*/*" />
38-->src\main\AndroidManifest.xml:17:13-44
38-->src\main\AndroidManifest.xml:25:19-41
39        </intent>
40    </queries>
41
42    <uses-permission android:name="android.permission.READ_EXTERNAL_STORAGE" />
42-->[:image_picker] AndroidManifest.xml:7:5-80
42-->[:image_picker] AndroidManifest.xml:7:22-77
43    <uses-permission android:name="android.permission.RECEIVE_BOOT_COMPLETED" />
43-->[:flutter_local_notifications] AndroidManifest.xml:7:5-81
43-->[:flutter_local_notifications] AndroidManifest.xml:7:22-78
44    <uses-permission android:name="android.permission.VIBRATE" />
44-->[:flutter_local_notifications] AndroidManifest.xml:8:5-66
44-->[:flutter_local_notifications] AndroidManifest.xml:8:22-63
45    <uses-permission android:name="android.permission.USE_FULL_SCREEN_INTENT" />
45-->[:flutter_local_notifications] AndroidManifest.xml:9:5-81
45-->[:flutter_local_notifications] AndroidManifest.xml:9:22-78
46    <uses-permission android:name="android.permission.SCHEDULE_EXACT_ALARM" /> <!-- Required by older versions of Google Play services to create IID tokens -->
46-->[:flutter_local_notifications] AndroidManifest.xml:10:5-79
46-->[:flutter_local_notifications] AndroidManifest.xml:10:22-76
47    <uses-permission android:name="com.google.android.c2dm.permission.RECEIVE" />
47-->[com.google.firebase:firebase-messaging:22.0.0] AndroidManifest.xml:25:5-82
47-->[com.google.firebase:firebase-messaging:22.0.0] AndroidManifest.xml:25:22-79
48    <uses-permission android:name="com.google.android.finsky.permission.BIND_GET_INSTALL_REFERRER_SERVICE" />
48-->[com.android.installreferrer:installreferrer:1.0] AndroidManifest.xml:9:5-110
48-->[com.android.installreferrer:installreferrer:1.0] AndroidManifest.xml:9:22-107
49
50    <application
50-->src\main\AndroidManifest.xml:29:5-92:19
51        android:name="com.nuj.flutter_sixvallry_commerce.Application"
51-->src\main\AndroidManifest.xml:30:9-36
52        android:appComponentFactory="androidx.core.app.CoreComponentFactory"
52-->[androidx.core:core:1.3.2] AndroidManifest.xml:24:18-86
53        android:icon="@mipmap/ic_launcher"
53-->src\main\AndroidManifest.xml:35:9-43
54        android:label="laoshop"
54-->src\main\AndroidManifest.xml:31:9-32
55        android:networkSecurityConfig="@xml/network_security_config"
55-->src\main\AndroidManifest.xml:34:9-69
56        android:requestLegacyExternalStorage="true"
56-->src\main\AndroidManifest.xml:32:9-52
57        android:supportsRtl="true"
57-->[com.facebook.android:facebook-login:11.3.0] AndroidManifest.xml:28:18-44
58        android:usesCleartextTraffic="true" >
58-->src\main\AndroidManifest.xml:33:9-44
59        <activity
59-->src\main\AndroidManifest.xml:36:9-68:20
60            android:name="com.nuj.flutter_sixvallry_commerce.MainActivity"
60-->src\main\AndroidManifest.xml:37:13-41
61            android:configChanges="orientation|keyboardHidden|keyboard|screenSize|smallestScreenSize|locale|layoutDirection|fontScale|screenLayout|density|uiMode"
61-->src\main\AndroidManifest.xml:40:13-163
62            android:hardwareAccelerated="true"
62-->src\main\AndroidManifest.xml:41:13-47
63            android:launchMode="singleTop"
63-->src\main\AndroidManifest.xml:38:13-43
64            android:theme="@style/LaunchTheme"
64-->src\main\AndroidManifest.xml:39:13-47
65            android:windowSoftInputMode="adjustResize" >
65-->src\main\AndroidManifest.xml:42:13-55
66
67            <!--
68                 Specifies an Android theme to apply to this Activity as soon as
69                 the Android process has started. This theme is visible to the user
70                 while the Flutter UI initializes. After that, this theme continues
71                 to determine the Window background behind the Flutter UI.
72            -->
73            <meta-data
73-->src\main\AndroidManifest.xml:47:13-50:17
74                android:name="io.flutter.embedding.android.NormalTheme"
74-->src\main\AndroidManifest.xml:48:15-70
75                android:resource="@style/NormalTheme" />
75-->src\main\AndroidManifest.xml:49:15-52
76            <!--
77                 Displays an Android View that continues showing the launch screen
78                 Drawable until Flutter paints its first frame, then this splash
79                 screen fades out. A splash screen is useful to avoid any visual
80                 gap between the end of Android's launch screen and the painting of
81                 Flutter's first frame.
82            -->
83            <meta-data
83-->src\main\AndroidManifest.xml:56:13-59:17
84                android:name="io.flutter.embedding.android.SplashScreenDrawable"
84-->src\main\AndroidManifest.xml:57:15-79
85                android:resource="@drawable/launch_background" />
85-->src\main\AndroidManifest.xml:58:15-61
86
87            <intent-filter>
87-->src\main\AndroidManifest.xml:60:13-63:29
88                <action android:name="android.intent.action.MAIN" />
88-->src\main\AndroidManifest.xml:61:17-68
88-->src\main\AndroidManifest.xml:61:25-66
89
90                <category android:name="android.intent.category.LAUNCHER" />
90-->src\main\AndroidManifest.xml:62:17-76
90-->src\main\AndroidManifest.xml:62:27-74
91            </intent-filter>
92            <intent-filter>
92-->src\main\AndroidManifest.xml:64:13-67:29
93                <action android:name="FLUTTER_NOTIFICATION_CLICK" />
93-->src\main\AndroidManifest.xml:65:17-69
93-->src\main\AndroidManifest.xml:65:25-66
94
95                <category android:name="android.intent.category.DEFAULT" />
95-->src\main\AndroidManifest.xml:66:17-76
95-->src\main\AndroidManifest.xml:66:27-73
96            </intent-filter>
97        </activity>
98        <!--
99             Don't delete the meta-data below.
100             This is used by the Flutter tool to generate GeneratedPluginRegistrant.java
101        -->
102        <meta-data
102-->src\main\AndroidManifest.xml:71:9-73:33
103            android:name="flutterEmbedding"
103-->src\main\AndroidManifest.xml:72:13-44
104            android:value="2" />
104-->src\main\AndroidManifest.xml:73:13-30
105        <meta-data
105-->src\main\AndroidManifest.xml:74:9-75:54
106            android:name="com.facebook.sdk.ApplicationId"
106-->src\main\AndroidManifest.xml:74:20-65
107            android:value="@string/facebook_app_id" />
107-->src\main\AndroidManifest.xml:75:13-52
108
109        <activity
109-->src\main\AndroidManifest.xml:77:9-80:48
110            android:name="com.facebook.FacebookActivity"
110-->src\main\AndroidManifest.xml:77:19-63
111            android:configChanges="keyboard|keyboardHidden|screenLayout|screenSize|orientation"
111-->src\main\AndroidManifest.xml:78:13-113
112            android:label="@string/app_name"
112-->src\main\AndroidManifest.xml:80:13-45
113            android:theme="@style/com_facebook_activity_theme" />
113-->[com.facebook.android:facebook-common:11.3.0] AndroidManifest.xml:33:13-63
114        <activity
114-->src\main\AndroidManifest.xml:81:9-90:20
115            android:name="com.facebook.CustomTabActivity"
115-->src\main\AndroidManifest.xml:82:13-58
116            android:exported="true" >
116-->src\main\AndroidManifest.xml:83:13-36
117            <intent-filter>
117-->src\main\AndroidManifest.xml:84:13-89:29
118                <action android:name="android.intent.action.VIEW" />
118-->src\main\AndroidManifest.xml:16:13-65
118-->src\main\AndroidManifest.xml:16:21-62
119
120                <category android:name="android.intent.category.DEFAULT" />
120-->src\main\AndroidManifest.xml:66:17-76
120-->src\main\AndroidManifest.xml:66:27-73
121                <category android:name="android.intent.category.BROWSABLE" />
121-->src\main\AndroidManifest.xml:87:17-78
121-->src\main\AndroidManifest.xml:87:27-75
122
123                <data android:scheme="@string/fb_login_protocol_scheme" />
123-->src\main\AndroidManifest.xml:17:13-44
123-->src\main\AndroidManifest.xml:17:19-41
124            </intent-filter>
125            <intent-filter>
125-->[com.facebook.android:facebook-common:11.3.0] AndroidManifest.xml:39:13-48:29
126                <action android:name="android.intent.action.VIEW" />
126-->src\main\AndroidManifest.xml:16:13-65
126-->src\main\AndroidManifest.xml:16:21-62
127
128                <category android:name="android.intent.category.DEFAULT" />
128-->src\main\AndroidManifest.xml:66:17-76
128-->src\main\AndroidManifest.xml:66:27-73
129                <category android:name="android.intent.category.BROWSABLE" />
129-->src\main\AndroidManifest.xml:87:17-78
129-->src\main\AndroidManifest.xml:87:27-75
130
131                <data
131-->src\main\AndroidManifest.xml:17:13-44
132                    android:host="cct.com.nuj.flutter_sixvallry_commerce"
133                    android:scheme="fbconnect" />
133-->src\main\AndroidManifest.xml:17:19-41
134            </intent-filter>
135        </activity>
136
137        <service
137-->[:firebase_messaging] AndroidManifest.xml:12:9-15:72
138            android:name="io.flutter.plugins.firebase.messaging.FlutterFirebaseMessagingBackgroundService"
138-->[:firebase_messaging] AndroidManifest.xml:13:13-107
139            android:exported="false"
139-->[:firebase_messaging] AndroidManifest.xml:14:13-37
140            android:permission="android.permission.BIND_JOB_SERVICE" />
140-->[:firebase_messaging] AndroidManifest.xml:15:13-69
141        <service
141-->[:firebase_messaging] AndroidManifest.xml:16:9-22:19
142            android:name="io.flutter.plugins.firebase.messaging.FlutterFirebaseMessagingService"
142-->[:firebase_messaging] AndroidManifest.xml:17:13-97
143            android:exported="false" >
143-->[:firebase_messaging] AndroidManifest.xml:18:13-37
144            <intent-filter>
144-->[:firebase_messaging] AndroidManifest.xml:19:13-21:29
145                <action android:name="com.google.firebase.MESSAGING_EVENT" />
145-->[:firebase_messaging] AndroidManifest.xml:20:17-78
145-->[:firebase_messaging] AndroidManifest.xml:20:25-75
146            </intent-filter>
147        </service>
148
149        <receiver
149-->[:firebase_messaging] AndroidManifest.xml:24:9-31:20
150            android:name="io.flutter.plugins.firebase.messaging.FlutterFirebaseMessagingReceiver"
150-->[:firebase_messaging] AndroidManifest.xml:25:13-98
151            android:exported="true"
151-->[:firebase_messaging] AndroidManifest.xml:26:13-36
152            android:permission="com.google.android.c2dm.permission.SEND" >
152-->[:firebase_messaging] AndroidManifest.xml:27:13-73
153            <intent-filter>
153-->[:firebase_messaging] AndroidManifest.xml:28:13-30:29
154                <action android:name="com.google.android.c2dm.intent.RECEIVE" />
154-->[:firebase_messaging] AndroidManifest.xml:29:17-81
154-->[:firebase_messaging] AndroidManifest.xml:29:25-78
155            </intent-filter>
156        </receiver>
157
158        <service
158-->[:firebase_messaging] AndroidManifest.xml:33:9-37:19
159            android:name="com.google.firebase.components.ComponentDiscoveryService"
159-->[:firebase_messaging] AndroidManifest.xml:33:18-89
160            android:directBootAware="true"
160-->[com.google.firebase:firebase-common:20.0.0] AndroidManifest.xml:35:13-43
161            android:exported="false" >
161-->[com.google.firebase:firebase-messaging:22.0.0] AndroidManifest.xml:51:13-37
162            <meta-data
162-->[:firebase_messaging] AndroidManifest.xml:34:13-36:85
163                android:name="com.google.firebase.components:io.flutter.plugins.firebase.messaging.FlutterFirebaseAppRegistrar"
163-->[:firebase_messaging] AndroidManifest.xml:35:17-128
164                android:value="com.google.firebase.components.ComponentRegistrar" />
164-->[:firebase_messaging] AndroidManifest.xml:36:17-82
165            <meta-data
165-->[:firebase_core] AndroidManifest.xml:9:13-11:85
166                android:name="com.google.firebase.components:io.flutter.plugins.firebase.core.FlutterFirebaseCoreRegistrar"
166-->[:firebase_core] AndroidManifest.xml:10:17-124
167                android:value="com.google.firebase.components.ComponentRegistrar" />
167-->[:firebase_core] AndroidManifest.xml:11:17-82
168            <meta-data
168-->[com.google.firebase:firebase-messaging:22.0.0] AndroidManifest.xml:52:13-54:85
169                android:name="com.google.firebase.components:com.google.firebase.messaging.FirebaseMessagingRegistrar"
169-->[com.google.firebase:firebase-messaging:22.0.0] AndroidManifest.xml:53:17-119
170                android:value="com.google.firebase.components.ComponentRegistrar" />
170-->[com.google.firebase:firebase-messaging:22.0.0] AndroidManifest.xml:54:17-82
171            <meta-data
171-->[com.google.firebase:firebase-datatransport:18.0.0] AndroidManifest.xml:28:13-30:85
172                android:name="com.google.firebase.components:com.google.firebase.datatransport.TransportRegistrar"
172-->[com.google.firebase:firebase-datatransport:18.0.0] AndroidManifest.xml:29:17-115
173                android:value="com.google.firebase.components.ComponentRegistrar" />
173-->[com.google.firebase:firebase-datatransport:18.0.0] AndroidManifest.xml:30:17-82
174            <meta-data
174-->[com.google.firebase:firebase-installations:17.0.0] AndroidManifest.xml:18:13-20:85
175                android:name="com.google.firebase.components:com.google.firebase.installations.FirebaseInstallationsRegistrar"
175-->[com.google.firebase:firebase-installations:17.0.0] AndroidManifest.xml:19:17-127
176                android:value="com.google.firebase.components.ComponentRegistrar" />
176-->[com.google.firebase:firebase-installations:17.0.0] AndroidManifest.xml:20:17-82
177        </service>
178
179        <provider
179-->[:firebase_messaging] AndroidManifest.xml:39:9-43:38
180            android:name="io.flutter.plugins.firebase.messaging.FlutterFirebaseMessagingInitProvider"
180-->[:firebase_messaging] AndroidManifest.xml:40:13-102
181            android:authorities="com.nuj.flutter_sixvallry_commerce.flutterfirebasemessaginginitprovider"
181-->[:firebase_messaging] AndroidManifest.xml:41:13-88
182            android:exported="false"
182-->[:firebase_messaging] AndroidManifest.xml:42:13-37
183            android:initOrder="99" />
183-->[:firebase_messaging] AndroidManifest.xml:43:13-35
184        <provider
184-->[:image_picker] AndroidManifest.xml:11:9-19:20
185            android:name="io.flutter.plugins.imagepicker.ImagePickerFileProvider"
185-->[:image_picker] AndroidManifest.xml:12:13-82
186            android:authorities="com.nuj.flutter_sixvallry_commerce.flutter.image_provider"
186-->[:image_picker] AndroidManifest.xml:13:13-74
187            android:exported="false"
187-->[:image_picker] AndroidManifest.xml:14:13-37
188            android:grantUriPermissions="true" >
188-->[:image_picker] AndroidManifest.xml:15:13-47
189            <meta-data
189-->[:image_picker] AndroidManifest.xml:16:13-18:75
190                android:name="android.support.FILE_PROVIDER_PATHS"
190-->[:image_picker] AndroidManifest.xml:17:17-67
191                android:resource="@xml/flutter_image_picker_file_paths" />
191-->[:image_picker] AndroidManifest.xml:18:17-72
192        </provider>
193
194        <receiver
194-->[:flutter_local_notifications] AndroidManifest.xml:13:9-15:40
195            android:name="com.dexterous.flutterlocalnotifications.ScheduledNotificationReceiver"
195-->[:flutter_local_notifications] AndroidManifest.xml:14:13-97
196            android:exported="false" />
196-->[:flutter_local_notifications] AndroidManifest.xml:15:13-37
197        <receiver
197-->[:flutter_local_notifications] AndroidManifest.xml:16:9-25:20
198            android:name="com.dexterous.flutterlocalnotifications.ScheduledNotificationBootReceiver"
198-->[:flutter_local_notifications] AndroidManifest.xml:17:13-101
199            android:exported="false" >
199-->[:flutter_local_notifications] AndroidManifest.xml:18:13-37
200            <intent-filter>
200-->[:flutter_local_notifications] AndroidManifest.xml:19:13-24:29
201                <action android:name="android.intent.action.BOOT_COMPLETED" />
201-->[:flutter_local_notifications] AndroidManifest.xml:20:17-79
201-->[:flutter_local_notifications] AndroidManifest.xml:20:25-76
202                <action android:name="android.intent.action.MY_PACKAGE_REPLACED" />
202-->[:flutter_local_notifications] AndroidManifest.xml:21:17-84
202-->[:flutter_local_notifications] AndroidManifest.xml:21:25-81
203                <action android:name="android.intent.action.QUICKBOOT_POWERON" />
203-->[:flutter_local_notifications] AndroidManifest.xml:22:17-82
203-->[:flutter_local_notifications] AndroidManifest.xml:22:25-79
204                <action android:name="com.htc.intent.action.QUICKBOOT_POWERON" />
204-->[:flutter_local_notifications] AndroidManifest.xml:23:17-82
204-->[:flutter_local_notifications] AndroidManifest.xml:23:25-79
205            </intent-filter>
206        </receiver>
207
208        <activity
208-->[:url_launcher] AndroidManifest.xml:8:9-11:74
209            android:name="io.flutter.plugins.urllauncher.WebViewActivity"
209-->[:url_launcher] AndroidManifest.xml:9:13-74
210            android:exported="false"
210-->[:url_launcher] AndroidManifest.xml:10:13-37
211            android:theme="@android:style/Theme.NoTitleBar.Fullscreen" />
211-->[:url_launcher] AndroidManifest.xml:11:13-71
212
213        <provider
213-->[:share] AndroidManifest.xml:8:9-16:20
214            android:name="io.flutter.plugins.share.ShareFileProvider"
214-->[:share] AndroidManifest.xml:9:13-70
215            android:authorities="com.nuj.flutter_sixvallry_commerce.flutter.share_provider"
215-->[:share] AndroidManifest.xml:10:13-74
216            android:exported="false"
216-->[:share] AndroidManifest.xml:11:13-37
217            android:grantUriPermissions="true" >
217-->[:share] AndroidManifest.xml:12:13-47
218            <meta-data
218-->[:image_picker] AndroidManifest.xml:16:13-18:75
219                android:name="android.support.FILE_PROVIDER_PATHS"
219-->[:image_picker] AndroidManifest.xml:17:17-67
220                android:resource="@xml/flutter_share_file_paths" />
220-->[:image_picker] AndroidManifest.xml:18:17-72
221        </provider>
222
223        <activity android:name="com.facebook.CustomTabMainActivity" />
223-->[com.facebook.android:facebook-common:11.3.0] AndroidManifest.xml:34:9-71
223-->[com.facebook.android:facebook-common:11.3.0] AndroidManifest.xml:34:19-68
224        <!--
225         The initialization ContentProvider will call FacebookSdk.sdkInitialize automatically
226         with the application context. This config is merged in with the host app's manifest,
227         but there can only be one provider with the same authority activated at any given
228         point; so if the end user has two or more different apps that use Facebook SDK, only the
229         first one will be able to use the provider. To work around this problem, we use the
230         following placeholder in the authority to identify each host application as if it was
231         a completely different provider.
232        -->
233        <provider
233-->[com.facebook.android:facebook-core:11.3.0] AndroidManifest.xml:39:9-42:40
234            android:name="com.facebook.internal.FacebookInitProvider"
234-->[com.facebook.android:facebook-core:11.3.0] AndroidManifest.xml:40:13-70
235            android:authorities="com.nuj.flutter_sixvallry_commerce.FacebookInitProvider"
235-->[com.facebook.android:facebook-core:11.3.0] AndroidManifest.xml:41:13-72
236            android:exported="false" />
236-->[com.facebook.android:facebook-core:11.3.0] AndroidManifest.xml:42:13-37
237
238        <receiver
238-->[com.facebook.android:facebook-core:11.3.0] AndroidManifest.xml:44:9-50:20
239            android:name="com.facebook.CurrentAccessTokenExpirationBroadcastReceiver"
239-->[com.facebook.android:facebook-core:11.3.0] AndroidManifest.xml:45:13-86
240            android:exported="false" >
240-->[com.facebook.android:facebook-core:11.3.0] AndroidManifest.xml:46:13-37
241            <intent-filter>
241-->[com.facebook.android:facebook-core:11.3.0] AndroidManifest.xml:47:13-49:29
242                <action android:name="com.facebook.sdk.ACTION_CURRENT_ACCESS_TOKEN_CHANGED" />
242-->[com.facebook.android:facebook-core:11.3.0] AndroidManifest.xml:48:17-95
242-->[com.facebook.android:facebook-core:11.3.0] AndroidManifest.xml:48:25-92
243            </intent-filter>
244        </receiver>
245        <receiver
245-->[com.google.firebase:firebase-messaging:22.0.0] AndroidManifest.xml:28:9-35:20
246            android:name="com.google.firebase.iid.FirebaseInstanceIdReceiver"
246-->[com.google.firebase:firebase-messaging:22.0.0] AndroidManifest.xml:29:13-78
247            android:exported="true"
247-->[com.google.firebase:firebase-messaging:22.0.0] AndroidManifest.xml:30:13-36
248            android:permission="com.google.android.c2dm.permission.SEND" >
248-->[com.google.firebase:firebase-messaging:22.0.0] AndroidManifest.xml:31:13-73
249            <intent-filter>
249-->[:firebase_messaging] AndroidManifest.xml:28:13-30:29
250                <action android:name="com.google.android.c2dm.intent.RECEIVE" />
250-->[:firebase_messaging] AndroidManifest.xml:29:17-81
250-->[:firebase_messaging] AndroidManifest.xml:29:25-78
251            </intent-filter>
252        </receiver>
253        <!--
254             FirebaseMessagingService performs security checks at runtime,
255             but set to not exported to explicitly avoid allowing another app to call it.
256        -->
257        <service
257-->[com.google.firebase:firebase-messaging:22.0.0] AndroidManifest.xml:41:9-48:19
258            android:name="com.google.firebase.messaging.FirebaseMessagingService"
258-->[com.google.firebase:firebase-messaging:22.0.0] AndroidManifest.xml:42:13-82
259            android:directBootAware="true"
259-->[com.google.firebase:firebase-messaging:22.0.0] AndroidManifest.xml:43:13-43
260            android:exported="false" >
260-->[com.google.firebase:firebase-messaging:22.0.0] AndroidManifest.xml:44:13-37
261            <intent-filter android:priority="-500" >
261-->[:firebase_messaging] AndroidManifest.xml:19:13-21:29
262                <action android:name="com.google.firebase.MESSAGING_EVENT" />
262-->[:firebase_messaging] AndroidManifest.xml:20:17-78
262-->[:firebase_messaging] AndroidManifest.xml:20:25-75
263            </intent-filter>
264        </service>
265
266        <provider
266-->[com.google.firebase:firebase-common:20.0.0] AndroidManifest.xml:26:9-31:39
267            android:name="com.google.firebase.provider.FirebaseInitProvider"
267-->[com.google.firebase:firebase-common:20.0.0] AndroidManifest.xml:27:13-77
268            android:authorities="com.nuj.flutter_sixvallry_commerce.firebaseinitprovider"
268-->[com.google.firebase:firebase-common:20.0.0] AndroidManifest.xml:28:13-72
269            android:directBootAware="true"
269-->[com.google.firebase:firebase-common:20.0.0] AndroidManifest.xml:29:13-43
270            android:exported="false"
270-->[com.google.firebase:firebase-common:20.0.0] AndroidManifest.xml:30:13-37
271            android:initOrder="100" />
271-->[com.google.firebase:firebase-common:20.0.0] AndroidManifest.xml:31:13-36
272
273        <activity
273-->[com.google.android.gms:play-services-auth:16.0.1] AndroidManifest.xml:23:9-27:75
274            android:name="com.google.android.gms.auth.api.signin.internal.SignInHubActivity"
274-->[com.google.android.gms:play-services-auth:16.0.1] AndroidManifest.xml:24:13-93
275            android:excludeFromRecents="true"
275-->[com.google.android.gms:play-services-auth:16.0.1] AndroidManifest.xml:25:13-46
276            android:exported="false"
276-->[com.google.android.gms:play-services-auth:16.0.1] AndroidManifest.xml:26:13-37
277            android:theme="@android:style/Theme.Translucent.NoTitleBar" />
277-->[com.google.android.gms:play-services-auth:16.0.1] AndroidManifest.xml:27:13-72
278        <!--
279            Service handling Google Sign-In user revocation. For apps that do not integrate with
280            Google Sign-In, this service will never be started.
281        -->
282        <service
282-->[com.google.android.gms:play-services-auth:16.0.1] AndroidManifest.xml:33:9-36:110
283            android:name="com.google.android.gms.auth.api.signin.RevocationBoundService"
283-->[com.google.android.gms:play-services-auth:16.0.1] AndroidManifest.xml:34:13-89
284            android:exported="true"
284-->[com.google.android.gms:play-services-auth:16.0.1] AndroidManifest.xml:35:13-36
285            android:permission="com.google.android.gms.auth.api.signin.permission.REVOCATION_NOTIFICATION" />
285-->[com.google.android.gms:play-services-auth:16.0.1] AndroidManifest.xml:36:13-107
286
287        <activity
287-->[com.google.android.gms:play-services-base:16.0.1] AndroidManifest.xml:23:9-26:75
288            android:name="com.google.android.gms.common.api.GoogleApiActivity"
288-->[com.google.android.gms:play-services-base:16.0.1] AndroidManifest.xml:24:13-79
289            android:exported="false"
289-->[com.google.android.gms:play-services-base:16.0.1] AndroidManifest.xml:25:13-37
290            android:theme="@android:style/Theme.Translucent.NoTitleBar" />
290-->[com.google.android.gms:play-services-base:16.0.1] AndroidManifest.xml:26:13-72
291
292        <meta-data
292-->[com.google.android.gms:play-services-basement:17.0.0] AndroidManifest.xml:23:9-25:69
293            android:name="com.google.android.gms.version"
293-->[com.google.android.gms:play-services-basement:17.0.0] AndroidManifest.xml:24:13-58
294            android:value="@integer/google_play_services_version" />
294-->[com.google.android.gms:play-services-basement:17.0.0] AndroidManifest.xml:25:13-66
295
296        <service
296-->[com.google.android.datatransport:transport-backend-cct:3.0.0] AndroidManifest.xml:29:9-35:19
297            android:name="com.google.android.datatransport.runtime.backends.TransportBackendDiscovery"
297-->[com.google.android.datatransport:transport-backend-cct:3.0.0] AndroidManifest.xml:30:13-103
298            android:exported="false" >
298-->[com.google.android.datatransport:transport-backend-cct:3.0.0] AndroidManifest.xml:31:13-37
299            <meta-data
299-->[com.google.android.datatransport:transport-backend-cct:3.0.0] AndroidManifest.xml:32:13-34:39
300                android:name="backend:com.google.android.datatransport.cct.CctBackendFactory"
300-->[com.google.android.datatransport:transport-backend-cct:3.0.0] AndroidManifest.xml:33:17-94
301                android:value="cct" />
301-->[com.google.android.datatransport:transport-backend-cct:3.0.0] AndroidManifest.xml:34:17-36
302        </service>
303        <service
303-->[com.google.android.datatransport:transport-runtime:3.0.0] AndroidManifest.xml:26:9-30:19
304            android:name="com.google.android.datatransport.runtime.scheduling.jobscheduling.JobInfoSchedulerService"
304-->[com.google.android.datatransport:transport-runtime:3.0.0] AndroidManifest.xml:27:13-117
305            android:exported="false"
305-->[com.google.android.datatransport:transport-runtime:3.0.0] AndroidManifest.xml:28:13-37
306            android:permission="android.permission.BIND_JOB_SERVICE" >
306-->[com.google.android.datatransport:transport-runtime:3.0.0] AndroidManifest.xml:29:13-69
307        </service>
308
309        <receiver